{
  "0 debug pnpm:scope": {
    "selected": 1
  },
  "1 error pnpm": {
    "code": "ELIFECYCLE",
    "errno": "ENOENT",
    "syscall": "spawn",
    "file": "sh",
    "pkgid": "docs@1.0.0",
    "stage": "serve",
    "script": "vitepress dev .",
    "pkgname": "docs",
    "err": {
      "name": "pnpm",
      "message": "docs@1.0.0 serve: `vitepress dev .`\nspawn ENOENT",
      "code": "ELIFECYCLE",
      "stack": "pnpm: docs@1.0.0 serve: `vitepress dev .`\nspawn ENOENT\n    at ChildProcess.<anonymous> (/usr/local/lib/node_modules/pnpm/dist/pnpm.cjs:95169:22)\n    at ChildProcess.emit (events.js:400:28)\n    at maybeClose (internal/child_process.js:1055:16)\n    at Process.ChildProcess._handle.onexit (internal/child_process.js:288:5)"
    }
  },
  "2 warn pnpm:global": " Local package.json exists, but node_modules missing, did you mean to install?"
}